sending incremental file list
created directory /users/yhb18174/i_drive/Science/Chemistry/RDMS/David Palmer group/Huw Williams
Recreating_DMTA/
Recreating_DMTA/.gitignore
Recreating_DMTA/.gitmodules
Recreating_DMTA/.git/
Recreating_DMTA/.git/COMMIT_EDITMSG
Recreating_DMTA/.git/HEAD
Recreating_DMTA/.git/config
Recreating_DMTA/.git/description
Recreating_DMTA/.git/index
Recreating_DMTA/.git/branches/
Recreating_DMTA/.git/hooks/
Recreating_DMTA/.git/hooks/applypatch-msg.sample
Recreating_DMTA/.git/hooks/commit-msg.sample
Recreating_DMTA/.git/hooks/fsmonitor-watchman.sample
Recreating_DMTA/.git/hooks/post-update.sample
Recreating_DMTA/.git/hooks/pre-applypatch.sample
Recreating_DMTA/.git/hooks/pre-commit.sample
Recreating_DMTA/.git/hooks/pre-merge-commit.sample
Recreating_DMTA/.git/hooks/pre-push.sample
Recreating_DMTA/.git/hooks/pre-rebase.sample
Recreating_DMTA/.git/hooks/pre-receive.sample
Recreating_DMTA/.git/hooks/prepare-commit-msg.sample
Recreating_DMTA/.git/hooks/update.sample
Recreating_DMTA/.git/info/
Recreating_DMTA/.git/info/exclude
Recreating_DMTA/.git/logs/
Recreating_DMTA/.git/logs/HEAD
Recreating_DMTA/.git/logs/refs/
Recreating_DMTA/.git/logs/refs/heads/
Recreating_DMTA/.git/logs/refs/heads/main
Recreating_DMTA/.git/logs/refs/heads/stage
Recreating_DMTA/.git/logs/refs/remotes/
Recreating_DMTA/.git/logs/refs/remotes/github/
Recreating_DMTA/.git/logs/refs/remotes/github/main
Recreating_DMTA/.git/logs/refs/remotes/github/stage
Recreating_DMTA/.git/modules/
Recreating_DMTA/.git/modules/scripts/
Recreating_DMTA/.git/modules/scripts/dataset/
Recreating_DMTA/.git/modules/scripts/dataset/Lilly-Medchem-Rules/
Recreating_DMTA/.git/modules/scripts/dataset/Lilly-Medchem-Rules/HEAD
Recreating_DMTA/.git/modules/scripts/dataset/Lilly-Medchem-Rules/config
Recreating_DMTA/.git/modules/scripts/dataset/Lilly-Medchem-Rules/description
Recreating_DMTA/.git/modules/scripts/dataset/Lilly-Medchem-Rules/index
Recreating_DMTA/.git/modules/scripts/dataset/Lilly-Medchem-Rules/packed-refs
Recreating_DMTA/.git/modules/scripts/dataset/Lilly-Medchem-Rules/hooks/
Recreating_DMTA/.git/modules/scripts/dataset/Lilly-Medchem-Rules/hooks/applypatch-msg.sample
Recreating_DMTA/.git/modules/scripts/dataset/Lilly-Medchem-Rules/hooks/commit-msg.sample
Recreating_DMTA/.git/modules/scripts/dataset/Lilly-Medchem-Rules/hooks/fsmonitor-watchman.sample
Recreating_DMTA/.git/modules/scripts/dataset/Lilly-Medchem-Rules/hooks/post-update.sample
Recreating_DMTA/.git/modules/scripts/dataset/Lilly-Medchem-Rules/hooks/pre-applypatch.sample
Recreating_DMTA/.git/modules/scripts/dataset/Lilly-Medchem-Rules/hooks/pre-commit.sample
Recreating_DMTA/.git/modules/scripts/dataset/Lilly-Medchem-Rules/hooks/pre-merge-commit.sample
Recreating_DMTA/.git/modules/scripts/dataset/Lilly-Medchem-Rules/hooks/pre-push.sample
Recreating_DMTA/.git/modules/scripts/dataset/Lilly-Medchem-Rules/hooks/pre-rebase.sample
Recreating_DMTA/.git/modules/scripts/dataset/Lilly-Medchem-Rules/hooks/pre-receive.sample
Recreating_DMTA/.git/modules/scripts/dataset/Lilly-Medchem-Rules/hooks/prepare-commit-msg.sample
Recreating_DMTA/.git/modules/scripts/dataset/Lilly-Medchem-Rules/hooks/push-to-checkout.sample
Recreating_DMTA/.git/modules/scripts/dataset/Lilly-Medchem-Rules/hooks/update.sample
Recreating_DMTA/.git/modules/scripts/dataset/Lilly-Medchem-Rules/info/
Recreating_DMTA/.git/modules/scripts/dataset/Lilly-Medchem-Rules/info/exclude
Recreating_DMTA/.git/modules/scripts/dataset/Lilly-Medchem-Rules/logs/
Recreating_DMTA/.git/modules/scripts/dataset/Lilly-Medchem-Rules/logs/HEAD
Recreating_DMTA/.git/modules/scripts/dataset/Lilly-Medchem-Rules/logs/refs/
Recreating_DMTA/.git/modules/scripts/dataset/Lilly-Medchem-Rules/logs/refs/heads/
Recreating_DMTA/.git/modules/scripts/dataset/Lilly-Medchem-Rules/logs/refs/heads/master
Recreating_DMTA/.git/modules/scripts/dataset/Lilly-Medchem-Rules/logs/refs/remotes/
Recreating_DMTA/.git/modules/scripts/dataset/Lilly-Medchem-Rules/logs/refs/remotes/origin/
Recreating_DMTA/.git/modules/scripts/dataset/Lilly-Medchem-Rules/logs/refs/remotes/origin/HEAD
Recreating_DMTA/.git/modules/scripts/dataset/Lilly-Medchem-Rules/objects/
Recreating_DMTA/.git/modules/scripts/dataset/Lilly-Medchem-Rules/objects/info/
Recreating_DMTA/.git/modules/scripts/dataset/Lilly-Medchem-Rules/objects/pack/
Recreating_DMTA/.git/modules/scripts/dataset/Lilly-Medchem-Rules/objects/pack/pack-1c9df4a3ede182604ca2fe4d3d99041c7ab1022f.idx
Recreating_DMTA/.git/modules/scripts/dataset/Lilly-Medchem-Rules/objects/pack/pack-1c9df4a3ede182604ca2fe4d3d99041c7ab1022f.pack
Recreating_DMTA/.git/modules/scripts/dataset/Lilly-Medchem-Rules/refs/
Recreating_DMTA/.git/modules/scripts/dataset/Lilly-Medchem-Rules/refs/heads/
Recreating_DMTA/.git/modules/scripts/dataset/Lilly-Medchem-Rules/refs/heads/master
Recreating_DMTA/.git/modules/scripts/dataset/Lilly-Medchem-Rules/refs/remotes/
Recreating_DMTA/.git/modules/scripts/dataset/Lilly-Medchem-Rules/refs/remotes/origin/
Recreating_DMTA/.git/modules/scripts/dataset/Lilly-Medchem-Rules/refs/remotes/origin/HEAD
Recreating_DMTA/.git/modules/scripts/dataset/Lilly-Medchem-Rules/refs/tags/
rsync error: received SIGINT, SIGTERM, or SIGHUP (code 20) at rsync.c(638) [sender=3.1.2]
rsync error: received SIGINT, SIGTERM, or SIGHUP (code 20) at io.c(511) [generator=3.1.2]
