sending incremental file list
Recreating_DMTA/
Recreating_DMTA/.git/
Recreating_DMTA/.git/branches/
Recreating_DMTA/.git/hooks/
Recreating_DMTA/.git/info/
Recreating_DMTA/.git/logs/
Recreating_DMTA/.git/logs/refs/
Recreating_DMTA/.git/logs/refs/heads/
Recreating_DMTA/.git/logs/refs/remotes/
Recreating_DMTA/.git/logs/refs/remotes/github/
Recreating_DMTA/.git/modules/
Recreating_DMTA/.git/modules/scripts/
Recreating_DMTA/.git/modules/scripts/dataset/
Recreating_DMTA/.git/modules/scripts/dataset/Lilly-Medchem-Rules/
Recreating_DMTA/.git/modules/scripts/dataset/Lilly-Medchem-Rules/hooks/
Recreating_DMTA/.git/modules/scripts/dataset/Lilly-Medchem-Rules/info/
Recreating_DMTA/.git/modules/scripts/dataset/Lilly-Medchem-Rules/logs/
Recreating_DMTA/.git/modules/scripts/dataset/Lilly-Medchem-Rules/logs/refs/
Recreating_DMTA/.git/modules/scripts/dataset/Lilly-Medchem-Rules/logs/refs/heads/
Recreating_DMTA/.git/modules/scripts/dataset/Lilly-Medchem-Rules/logs/refs/remotes/
Recreating_DMTA/.git/modules/scripts/dataset/Lilly-Medchem-Rules/logs/refs/remotes/origin/
Recreating_DMTA/.git/modules/scripts/dataset/Lilly-Medchem-Rules/objects/
Recreating_DMTA/.git/modules/scripts/dataset/Lilly-Medchem-Rules/objects/info/
Recreating_DMTA/.git/modules/scripts/dataset/Lilly-Medchem-Rules/objects/pack/
Recreating_DMTA/.git/modules/scripts/dataset/Lilly-Medchem-Rules/refs/
Recreating_DMTA/.git/modules/scripts/dataset/Lilly-Medchem-Rules/refs/heads/
Recreating_DMTA/.git/modules/scripts/dataset/Lilly-Medchem-Rules/refs/remotes/
Recreating_DMTA/.git/modules/scripts/dataset/Lilly-Medchem-Rules/refs/remotes/origin/
Recreating_DMTA/.git/modules/scripts/dataset/Lilly-Medchem-Rules/refs/tags/
Recreating_DMTA/.git/objects/
Recreating_DMTA/.git/objects/00/
Recreating_DMTA/.git/objects/01/
Recreating_DMTA/.git/objects/02/
Recreating_DMTA/.git/objects/03/
Recreating_DMTA/.git/objects/04/
Recreating_DMTA/.git/objects/06/
Recreating_DMTA/.git/objects/07/
Recreating_DMTA/.git/objects/08/
Recreating_DMTA/.git/objects/09/
Recreating_DMTA/.git/objects/0a/
Recreating_DMTA/.git/objects/0b/
Recreating_DMTA/.git/objects/0c/
Recreating_DMTA/.git/objects/0d/
Recreating_DMTA/.git/objects/0e/
Recreating_DMTA/.git/objects/0f/
Recreating_DMTA/.git/objects/11/
Recreating_DMTA/.git/objects/12/
Recreating_DMTA/.git/objects/13/
Recreating_DMTA/.git/objects/14/
Recreating_DMTA/.git/objects/15/
Recreating_DMTA/.git/objects/16/
Recreating_DMTA/.git/objects/17/
Recreating_DMTA/.git/objects/18/
Recreating_DMTA/.git/objects/19/
Recreating_DMTA/.git/objects/1a/
Recreating_DMTA/.git/objects/1b/
Recreating_DMTA/.git/objects/1c/
Recreating_DMTA/.git/objects/1d/
Recreating_DMTA/.git/objects/1e/
Recreating_DMTA/.git/objects/1f/
Recreating_DMTA/.git/objects/20/
Recreating_DMTA/.git/objects/21/
Recreating_DMTA/.git/objects/22/
Recreating_DMTA/.git/objects/23/
Recreating_DMTA/.git/objects/24/
Recreating_DMTA/.git/objects/26/
Recreating_DMTA/.git/objects/27/
Recreating_DMTA/.git/objects/28/
Recreating_DMTA/.git/objects/29/
Recreating_DMTA/.git/objects/2a/
Recreating_DMTA/.git/objects/2b/
Recreating_DMTA/.git/objects/2c/
Recreating_DMTA/.git/objects/2d/
Recreating_DMTA/.git/objects/2e/
Recreating_DMTA/.git/objects/2f/
Recreating_DMTA/.git/objects/30/
Recreating_DMTA/.git/objects/31/
Recreating_DMTA/.git/objects/32/
Recreating_DMTA/.git/objects/33/
Recreating_DMTA/.git/objects/34/
Recreating_DMTA/.git/objects/35/
Recreating_DMTA/.git/objects/36/
Recreating_DMTA/.git/objects/37/
Recreating_DMTA/.git/objects/38/
Recreating_DMTA/.git/objects/3a/
Recreating_DMTA/.git/objects/3c/
Recreating_DMTA/.git/objects/3d/
Recreating_DMTA/.git/objects/3e/
Recreating_DMTA/.git/objects/3f/
Recreating_DMTA/.git/objects/40/
Recreating_DMTA/.git/objects/41/
Recreating_DMTA/.git/objects/42/
Recreating_DMTA/.git/objects/43/
Recreating_DMTA/.git/objects/44/
Recreating_DMTA/.git/objects/45/
Recreating_DMTA/.git/objects/46/
Recreating_DMTA/.git/objects/47/
Recreating_DMTA/.git/objects/48/
Recreating_DMTA/.git/objects/49/
Recreating_DMTA/.git/objects/4a/
Recreating_DMTA/.git/objects/4b/
Recreating_DMTA/.git/objects/4c/
Recreating_DMTA/.git/objects/4d/
Recreating_DMTA/.git/objects/4e/
Recreating_DMTA/.git/objects/4f/
Recreating_DMTA/.git/objects/50/
Recreating_DMTA/.git/objects/51/
Recreating_DMTA/.git/objects/52/
Recreating_DMTA/.git/objects/53/
Recreating_DMTA/.git/objects/54/
Recreating_DMTA/.git/objects/55/
Recreating_DMTA/.git/objects/56/
Recreating_DMTA/.git/objects/57/
Recreating_DMTA/.git/objects/58/
Recreating_DMTA/.git/objects/59/
Recreating_DMTA/.git/objects/5a/
Recreating_DMTA/.git/objects/5b/
Recreating_DMTA/.git/objects/5c/
Recreating_DMTA/.git/objects/5e/
Recreating_DMTA/.git/objects/5f/
Recreating_DMTA/.git/objects/60/
Recreating_DMTA/.git/objects/61/
Recreating_DMTA/.git/objects/63/
Recreating_DMTA/.git/objects/64/
Recreating_DMTA/.git/objects/65/
Recreating_DMTA/.git/objects/66/
Recreating_DMTA/.git/objects/67/
Recreating_DMTA/.git/objects/68/
Recreating_DMTA/.git/objects/69/
Recreating_DMTA/.git/objects/6a/
Recreating_DMTA/.git/objects/6b/
Recreating_DMTA/.git/objects/6c/
Recreating_DMTA/.git/objects/6d/
Recreating_DMTA/.git/objects/6e/
Recreating_DMTA/.git/objects/6f/
Recreating_DMTA/.git/objects/70/
Recreating_DMTA/.git/objects/71/
Recreating_DMTA/.git/objects/72/
Recreating_DMTA/.git/objects/73/
Recreating_DMTA/.git/objects/74/
Recreating_DMTA/.git/objects/75/
Recreating_DMTA/.git/objects/76/
Recreating_DMTA/.git/objects/77/
Recreating_DMTA/.git/objects/78/
Recreating_DMTA/.git/objects/79/
Recreating_DMTA/.git/objects/7a/
Recreating_DMTA/.git/objects/7b/
Recreating_DMTA/.git/objects/7c/
Recreating_DMTA/.git/objects/7d/
Recreating_DMTA/.git/objects/7e/
Recreating_DMTA/.git/objects/7f/
Recreating_DMTA/.git/objects/80/
Recreating_DMTA/.git/objects/81/
Recreating_DMTA/.git/objects/82/
Recreating_DMTA/.git/objects/83/
Recreating_DMTA/.git/objects/84/
Recreating_DMTA/.git/objects/85/
Recreating_DMTA/.git/objects/86/
Recreating_DMTA/.git/objects/87/
Recreating_DMTA/.git/objects/88/
Recreating_DMTA/.git/objects/89/
Recreating_DMTA/.git/objects/8a/
Recreating_DMTA/.git/objects/8b/
Recreating_DMTA/.git/objects/8c/
Recreating_DMTA/.git/objects/8d/
Recreating_DMTA/.git/objects/8f/
Recreating_DMTA/.git/objects/90/
Recreating_DMTA/.git/objects/91/
Recreating_DMTA/.git/objects/92/
Recreating_DMTA/.git/objects/93/
Recreating_DMTA/.git/objects/94/
Recreating_DMTA/.git/objects/95/
Recreating_DMTA/.git/objects/96/
Recreating_DMTA/.git/objects/97/
Recreating_DMTA/.git/objects/98/
Recreating_DMTA/.git/objects/99/
Recreating_DMTA/.git/objects/9a/
Recreating_DMTA/.git/objects/9b/
Recreating_DMTA/.git/objects/9c/
Recreating_DMTA/.git/objects/9d/
Recreating_DMTA/.git/objects/9e/
Recreating_DMTA/.git/objects/9f/
Recreating_DMTA/.git/objects/a0/
Recreating_DMTA/.git/objects/a1/
Recreating_DMTA/.git/objects/a2/
Recreating_DMTA/.git/objects/a3/
Recreating_DMTA/.git/objects/a4/
Recreating_DMTA/.git/objects/a5/
Recreating_DMTA/.git/objects/a6/
Recreating_DMTA/.git/objects/a7/
Recreating_DMTA/.git/objects/a8/
Recreating_DMTA/.git/objects/a9/
Recreating_DMTA/.git/objects/aa/
Recreating_DMTA/.git/objects/ab/
Recreating_DMTA/.git/objects/ac/
Recreating_DMTA/.git/objects/ad/
Recreating_DMTA/.git/objects/ae/
Recreating_DMTA/.git/objects/af/
Recreating_DMTA/.git/objects/b0/
Recreating_DMTA/.git/objects/b1/
Recreating_DMTA/.git/objects/b2/
Recreating_DMTA/.git/objects/b3/
Recreating_DMTA/.git/objects/b4/
Recreating_DMTA/.git/objects/b5/
Recreating_DMTA/.git/objects/b6/
Recreating_DMTA/.git/objects/b7/
Recreating_DMTA/.git/objects/b8/
Recreating_DMTA/.git/objects/b9/
Recreating_DMTA/.git/objects/ba/
Recreating_DMTA/.git/objects/bb/
Recreating_DMTA/.git/objects/bc/
Recreating_DMTA/.git/objects/bd/
Recreating_DMTA/.git/objects/be/
Recreating_DMTA/.git/objects/bf/
Recreating_DMTA/.git/objects/c0/
Recreating_DMTA/.git/objects/c1/
Recreating_DMTA/.git/objects/c2/
Recreating_DMTA/.git/objects/c3/
Recreating_DMTA/.git/objects/c4/
Recreating_DMTA/.git/objects/c6/
Recreating_DMTA/.git/objects/c7/
Recreating_DMTA/.git/objects/c8/
Recreating_DMTA/.git/objects/c9/
Recreating_DMTA/.git/objects/ca/
Recreating_DMTA/.git/objects/cb/
Recreating_DMTA/.git/objects/cc/
Recreating_DMTA/.git/objects/cd/
Recreating_DMTA/.git/objects/ce/
Recreating_DMTA/.git/objects/cf/
Recreating_DMTA/.git/objects/d0/
Recreating_DMTA/.git/objects/d1/
Recreating_DMTA/.git/objects/d2/
Recreating_DMTA/.git/objects/d3/
Recreating_DMTA/.git/objects/d4/
Recreating_DMTA/.git/objects/d5/
Recreating_DMTA/.git/objects/d6/
Recreating_DMTA/.git/objects/d7/
Recreating_DMTA/.git/objects/d8/
Recreating_DMTA/.git/objects/d9/
Recreating_DMTA/.git/objects/da/
Recreating_DMTA/.git/objects/db/
Recreating_DMTA/.git/objects/dc/
Recreating_DMTA/.git/objects/dd/
Recreating_DMTA/.git/objects/de/
Recreating_DMTA/.git/objects/df/
Recreating_DMTA/.git/objects/e0/
Recreating_DMTA/.git/objects/e1/
Recreating_DMTA/.git/objects/e2/
Recreating_DMTA/.git/objects/e3/
Recreating_DMTA/.git/objects/e4/
Recreating_DMTA/.git/objects/e5/
Recreating_DMTA/.git/objects/e6/
Recreating_DMTA/.git/objects/e7/
Recreating_DMTA/.git/objects/e8/
Recreating_DMTA/.git/objects/e9/
Recreating_DMTA/.git/objects/ea/
Recreating_DMTA/.git/objects/eb/
Recreating_DMTA/.git/objects/ed/
Recreating_DMTA/.git/objects/ee/
Recreating_DMTA/.git/objects/ef/
Recreating_DMTA/.git/objects/f0/
Recreating_DMTA/.git/objects/f1/
Recreating_DMTA/.git/objects/f2/
Recreating_DMTA/.git/objects/f3/
Recreating_DMTA/.git/objects/f4/
Recreating_DMTA/.git/objects/f5/
Recreating_DMTA/.git/objects/f6/
Recreating_DMTA/.git/objects/f7/
Recreating_DMTA/.git/objects/f8/
Recreating_DMTA/.git/objects/f9/
Recreating_DMTA/.git/objects/fa/
Recreating_DMTA/.git/objects/fb/
Recreating_DMTA/.git/objects/fc/
Recreating_DMTA/.git/objects/fe/
Recreating_DMTA/.git/objects/ff/
Recreating_DMTA/.git/objects/info/
Recreating_DMTA/.git/objects/pack/
Recreating_DMTA/.git/refs/
Recreating_DMTA/.git/refs/heads/
Recreating_DMTA/.git/refs/remotes/
Recreating_DMTA/.git/refs/remotes/github/
Recreating_DMTA/.git/refs/tags/
Recreating_DMTA/backup/
Recreating_DMTA/backup/rsync_logs/
Recreating_DMTA/backup/rsync_logs/backup_2024-11-19_11-32-20.log
Recreating_DMTA/backup/rsync_logs/backup_2024-12-04_10-57-58.log
Recreating_DMTA/datasets/
Recreating_DMTA/datasets/ChEMBL/
Recreating_DMTA/datasets/ChEMBL/misc/
Recreating_DMTA/datasets/ChEMBL/training_data/
Recreating_DMTA/datasets/ChEMBL/training_data/desc/
Recreating_DMTA/datasets/ChEMBL/training_data/desc/mordred/
Recreating_DMTA/datasets/ChEMBL/training_data/desc/rdkit/
Recreating_DMTA/datasets/ChEMBL/training_data/dock/
Recreating_DMTA/datasets/PyMolGen/
Recreating_DMTA/datasets/PyMolGen/desc/
Recreating_DMTA/datasets/PyMolGen/desc/mordred/
Recreating_DMTA/datasets/PyMolGen/desc/mordred/full_data/
Recreating_DMTA/datasets/PyMolGen/desc/rdkit/
Recreating_DMTA/datasets/PyMolGen/desc/rdkit/full_data/
Recreating_DMTA/datasets/PyMolGen/desc/rdkit/full_data/PMG_rdkit_1.csv.gz
Recreating_DMTA/datasets/PyMolGen/desc/rdkit/full_data/PMG_rdkit_10.csv.gz
Recreating_DMTA/datasets/PyMolGen/desc/rdkit/full_data/PMG_rdkit_11.csv.gz
Recreating_DMTA/datasets/PyMolGen/desc/rdkit/full_data/PMG_rdkit_12.csv.gz
Recreating_DMTA/datasets/PyMolGen/desc/rdkit/full_data/PMG_rdkit_13.csv.gz
Recreating_DMTA/datasets/PyMolGen/desc/rdkit/full_data/PMG_rdkit_14.csv.gz
Recreating_DMTA/datasets/PyMolGen/desc/rdkit/full_data/PMG_rdkit_15.csv.gz
Recreating_DMTA/datasets/PyMolGen/desc/rdkit/full_data/PMG_rdkit_16.csv.gz
Recreating_DMTA/datasets/PyMolGen/desc/rdkit/full_data/PMG_rdkit_17.csv.gz
Recreating_DMTA/datasets/PyMolGen/desc/rdkit/full_data/PMG_rdkit_18.csv.gz
Recreating_DMTA/datasets/PyMolGen/desc/rdkit/full_data/PMG_rdkit_19.csv.gz
Recreating_DMTA/datasets/PyMolGen/desc/rdkit/full_data/PMG_rdkit_2.csv.gz
Recreating_DMTA/datasets/PyMolGen/desc/rdkit/full_data/PMG_rdkit_20.csv.gz
Recreating_DMTA/datasets/PyMolGen/desc/rdkit/full_data/PMG_rdkit_21.csv.gz
Recreating_DMTA/datasets/PyMolGen/desc/rdkit/full_data/PMG_rdkit_22.csv.gz
Recreating_DMTA/datasets/PyMolGen/desc/rdkit/full_data/PMG_rdkit_23.csv.gz
Recreating_DMTA/datasets/PyMolGen/desc/rdkit/full_data/PMG_rdkit_24.csv.gz
Recreating_DMTA/datasets/PyMolGen/desc/rdkit/full_data/PMG_rdkit_25.csv.gz
Recreating_DMTA/datasets/PyMolGen/desc/rdkit/full_data/PMG_rdkit_26.csv.gz
Recreating_DMTA/datasets/PyMolGen/desc/rdkit/full_data/PMG_rdkit_27.csv.gz
Recreating_DMTA/datasets/PyMolGen/desc/rdkit/full_data/PMG_rdkit_28.csv.gz
Recreating_DMTA/datasets/PyMolGen/desc/rdkit/full_data/PMG_rdkit_29.csv.gz
Recreating_DMTA/datasets/PyMolGen/desc/rdkit/full_data/PMG_rdkit_3.csv.gz
Recreating_DMTA/datasets/PyMolGen/desc/rdkit/full_data/PMG_rdkit_30.csv.gz
Recreating_DMTA/datasets/PyMolGen/desc/rdkit/full_data/PMG_rdkit_31.csv.gz
Recreating_DMTA/datasets/PyMolGen/desc/rdkit/full_data/PMG_rdkit_4.csv.gz
Recreating_DMTA/datasets/PyMolGen/desc/rdkit/full_data/PMG_rdkit_5.csv.gz
Recreating_DMTA/datasets/PyMolGen/desc/rdkit/full_data/PMG_rdkit_6.csv.gz
Recreating_DMTA/datasets/PyMolGen/desc/rdkit/full_data/PMG_rdkit_7.csv.gz
Recreating_DMTA/datasets/PyMolGen/desc/rdkit/full_data/PMG_rdkit_8.csv.gz
Recreating_DMTA/datasets/PyMolGen/desc/rdkit/full_data/PMG_rdkit_9.csv.gz
Recreating_DMTA/datasets/PyMolGen/docking/
Recreating_DMTA/datasets/PyMolGen/docking/PMG_docking_1.csv
Recreating_DMTA/datasets/PyMolGen/docking/PMG_docking_10.csv
Recreating_DMTA/datasets/PyMolGen/docking/PMG_docking_11.csv
Recreating_DMTA/datasets/PyMolGen/docking/PMG_docking_12.csv
Recreating_DMTA/datasets/PyMolGen/docking/PMG_docking_13.csv
Recreating_DMTA/datasets/PyMolGen/docking/PMG_docking_14.csv
Recreating_DMTA/datasets/PyMolGen/docking/PMG_docking_15.csv
Recreating_DMTA/datasets/PyMolGen/docking/PMG_docking_16.csv
Recreating_DMTA/datasets/PyMolGen/docking/PMG_docking_17.csv
Recreating_DMTA/datasets/PyMolGen/docking/PMG_docking_18.csv
Recreating_DMTA/datasets/PyMolGen/docking/PMG_docking_19.csv
Recreating_DMTA/datasets/PyMolGen/docking/PMG_docking_2.csv
Recreating_DMTA/datasets/PyMolGen/docking/PMG_docking_20.csv
Recreating_DMTA/datasets/PyMolGen/docking/PMG_docking_21.csv
Recreating_DMTA/datasets/PyMolGen/docking/PMG_docking_22.csv
Recreating_DMTA/datasets/PyMolGen/docking/PMG_docking_23.csv
Recreating_DMTA/datasets/PyMolGen/docking/PMG_docking_24.csv
Recreating_DMTA/datasets/PyMolGen/docking/PMG_docking_25.csv
Recreating_DMTA/datasets/PyMolGen/docking/PMG_docking_26.csv
Recreating_DMTA/datasets/PyMolGen/docking/PMG_docking_27.csv
Recreating_DMTA/datasets/PyMolGen/docking/PMG_docking_28.csv
Recreating_DMTA/datasets/PyMolGen/docking/PMG_docking_29.csv
Recreating_DMTA/datasets/PyMolGen/docking/PMG_docking_3.csv
Recreating_DMTA/datasets/PyMolGen/docking/PMG_docking_30.csv
Recreating_DMTA/datasets/PyMolGen/docking/PMG_docking_31.csv
Recreating_DMTA/datasets/PyMolGen/docking/PMG_docking_4.csv
Recreating_DMTA/datasets/PyMolGen/docking/PMG_docking_5.csv
Recreating_DMTA/datasets/PyMolGen/docking/PMG_docking_6.csv
Recreating_DMTA/datasets/PyMolGen/docking/PMG_docking_7.csv
Recreating_DMTA/datasets/PyMolGen/docking/PMG_docking_8.csv
Recreating_DMTA/datasets/PyMolGen/docking/PMG_docking_9.csv
Recreating_DMTA/datasets/PyMolGen/docking/docking_archived/
Recreating_DMTA/datasets/held_out_data/
Recreating_DMTA/datasets/test_data/
Recreating_DMTA/docking/
Recreating_DMTA/docking/ChEMBL/
Recreating_DMTA/docking/ChEMBL/CHEMBL3979343/
Recreating_DMTA/docking/ChEMBL/CHEMBL4084046/
Recreating_DMTA/docking/ChEMBL/CHEMBL4089152/
